<?xml version="1.0" encoding="UTF-8" standalone="yes" ?>
<test-results name="D:\kamlesg  delphi tranning\Unit_Testing\Unit\Win32\Debug\Project_UT.exe" total="11" errors="0" failures="0" ignored="0" inconclusive="0" not-run="0" skipped="0" invalid="0" date="2022-06-15" time="0.340">
  <culture-info current-culture="en" current-uiculture="en" />
  <test-suite type="Assembly" name="Project_UT.exe" executed="true" result="Success" success="True" time="0.340" asserts="0">
    <results>
        <test-suite type="Namespace" name="UnitTestFM" executed="true" result="Success" success="True" time="0.340" asserts="0" >
          <results>
              <test-suite type="Fixture" name="UnitTest_MathsFM" executed="True" result="Success" success="True" time="0.340" >
                <results>
                  <test-case name="Test1" executed="True" result="Success" success="True" time="0.000" asserts="0" />
                  <test-case name="Test2.TestA" executed="True" result="Success" success="True" time="0.000" asserts="0" />
                  <test-case name="Test2.TestB" executed="True" result="Success" success="True" time="0.000" asserts="0" />
                  <test-case name="Test2.TestC" executed="True" result="Success" success="True" time="0.000" asserts="0" />
                  <test-case name="Test2.TestD" executed="True" result="Success" success="True" time="0.000" asserts="0" />
                  <test-case name="Test2.TestE" executed="True" result="Success" success="True" time="0.000" asserts="0" />
                  <test-case name="Test2.TestF" executed="True" result="Success" success="True" time="0.000" asserts="0" />
                  <test-case name="Test2.TestG" executed="True" result="Success" success="True" time="0.000" asserts="0" />
                  <test-case name="Test2.TestH" executed="True" result="Success" success="True" time="0.000" asserts="0" />
                  <test-case name="Test2.TestJ" executed="True" result="Success" success="True" time="0.000" asserts="0" />
                  <test-case name="Test2.TestK" executed="True" result="Success" success="True" time="0.000" asserts="0" />
                </results>
              </test-suite>
          </results>
        </test-suite>
    </results>
  </test-suite>
</test-results>
